Starting BGPSIM
Properties file: 
Number of nodes: 17
Options: -t 00:15:00


Reservation number 605381: Reserved 17 hosts for 900 seconds 
Run on 17 hosts for 960 seconds from Wed May 22 16:07:42 2013
: node022/0 node034/0 node035/0 node036/0 node037/0 node039/0 node040/0 node042/0 node050/0 node051/0 node052/0 node053/0 node054/0 node055/0 node056/0 node059/0 node002/0 
Running sanity checks
working dir: /home/jlf200/env
inst count: 1
<dasNodes><coordinator><host>node022</host><port>29999</port></coordinator>
		<registries>
<registry><host>node034</host><port>29999</port></registry>
<registry><host>node035</host><port>29999</port></registry>
<registry><host>node036</host><port>29999</port></registry>
<registry><host>node037</host><port>29999</port></registry>
<registry><host>node039</host><port>29999</port></registry>
<registry><host>node040</host><port>29999</port></registry>
<registry><host>node042</host><port>29999</port></registry>
<registry><host>node050</host><port>29999</port></registry>
<registry><host>node051</host><port>29999</port></registry>
<registry><host>node052</host><port>29999</port></registry>
<registry><host>node053</host><port>29999</port></registry>
<registry><host>node054</host><port>29999</port></registry>
<registry><host>node055</host><port>29999</port></registry>
<registry><host>node056</host><port>29999</port></registry>
<registry><host>node059</host><port>29999</port></registry>
<registry><host>node002</host><port>29999</port></registry>
</registries></dasNodes>
coordinator on node022
slave on node034
slave on node035
slave on node036
slave on node037
slave on node039
slave on node040
slave on node042
slave on node050
slave on node051
slave on node052
slave on node053
slave on node054
slave on node055
slave on node056
slave on node059
slave on node002
coordinator 22/05 16:07:43.481  INFO coordinator.RunMonitor (start line 19): START, props=<properties>
  <mraiProc>70</mraiProc>
  <mraiEmpty>0</mraiEmpty>
  <flapPercentage>70</flapPercentage>
  <iBgpMaxValue>120000</iBgpMaxValue>
  <iBgpMaxNeighbors>750</iBgpMaxNeighbors>
  <iBGPLog>true</iBGPLog>
  <flapDistribution>70</flapDistribution>
  <policyMulti>10</policyMulti>
  <policyMultiPref>0</policyMultiPref>
  <hostCount>16</hostCount>
  <sleepingTime>40</sleepingTime>
  <workingDir>/home/jlf200/large_48/</workingDir>
  <prefixStartingPoint>0</prefixStartingPoint>
  <useInputHandlerThread>false</useInputHandlerThread>
  <prefixCount>100000</prefixCount>
  <prefixArraySize>100000</prefixArraySize>
  <storageDir>/var/scratch/jlf200/storage/</storageDir>
  <prefixCacheSize>7000</prefixCacheSize>
  <diskCacheDir>/var/scratch/jlf200/data/</diskCacheDir>
  <nodesFileName>nodes_caida_16.xml</nodesFileName>
  <prefixesFile>prefixes.xml</prefixesFile>
  <useEventsFile>true</useEventsFile>
  <eventsFileName>/home/jlf200/env/events_test.xml</eventsFileName>
  <prefixAggregationSize>0</prefixAggregationSize>
  <diagnosticThreadSleep>2500</diagnosticThreadSleep>
  <createdLoggingInterval>10</createdLoggingInterval>
  <bogusPrefixMin>0</bogusPrefixMin>
  <timeScaler>30</timeScaler>
  <resultDirectory>/var/scratch/jlf200/results</resultDirectory>
  <introducedLoggingInterval>10</introducedLoggingInterval>
  <neighborsContainerCaching>false</neighborsContainerCaching>
  <useNeighborsMap>false</useNeighborsMap>
  <noiseSleepTime>61000</noiseSleepTime>
</properties>
coordinator 22/05 16:07:43.522  INFO coordinator.CoordinatorMain (init line 91): socket created set
coordinator 22/05 16:07:46.341  INFO coordinator.Coordinator (controlTheGame line 68): sending acks
coordinator 22/05 16:07:47.803  INFO coordinator.Coordinator (controlTheGame line 88): all set
eventProcessor 22/05 16:07:47.805  INFO framework.EventProcessor (run line 43): waitingTime: 427
eventProcessor 22/05 16:07:48.233  INFO framework.EventProcessor (run line 57): @30;#0;LOG;E-0.
eventProcessor 22/05 16:07:50.493  INFO framework.EventProcessor (run line 43): waitingTime: 1072
eventProcessor 22/05 16:07:51.566  INFO framework.EventProcessor (run line 57): @100020;#1;DISCONNECT;E-100000; AS1200|3421|13 with neighbors[AS3303|1149|13].
eventProcessor 22/05 16:07:51.567  INFO framework.EventProcessor (run line 43): waitingTime: 3331
eventProcessor 22/05 16:07:54.898  INFO framework.EventProcessor (run line 57): @199980;#2;LOG;E-200000.
eventProcessor 22/05 16:07:56.056  INFO framework.EventProcessor (run line 43): waitingTime: 5509
eventProcessor 22/05 16:08:01.565  INFO framework.EventProcessor (run line 57): @399990;#3;ANN;E-400000;as=AS24600|1200|0; prefs=msg_2000, ; with=NULL
eventProcessor 22/05 16:08:01.568  INFO framework.EventProcessor (run line 43): waitingTime: 6664
eventProcessor 22/05 16:08:08.232  INFO framework.EventProcessor (run line 57): @600000;#4;CONNECT;E-600000; AS1200|3421|13 with neighbors[AS3303|1149|13].
eventProcessor 22/05 16:08:08.234  INFO command.ConnectCommand (writeInternalData line 114): AS3303|1149|13 pr: CUSTOMER
eventProcessor 22/05 16:08:08.234  INFO command.ConnectCommand (writeInternalData line 114): AS1200|3421|13 pr: PROVIDER
eventProcessor 22/05 16:08:08.234  INFO framework.EventProcessor (run line 43): waitingTime: 6664
AS1200|3421|13 22/05 16:08:08.237  INFO command.ConnectCommand (run line 55): received connect command with as: AS1200|3421|13 ases: [AS3303|1149|13]
AS3303|1149|13 22/05 16:08:08.237  INFO command.ConnectCommand (run line 55): received connect command with as: AS3303|1149|13 ases: [AS1200|3421|13]
eventProcessor 22/05 16:08:14.899  INFO framework.EventProcessor (run line 57): @800010;#5;LOG;E-800000.
coordinator 22/05 16:08:16.988  INFO coordinator.Coordinator (controlTheGame line 95): job's done
coordinator 22/05 16:08:17.990  INFO coordinator.RunMonitor (finish line 36): DONE(time=34506)
coordinator 22/05 16:08:17.991  INFO coordinator.Coordinator (controlTheGame line 101): coordinator finished
