Starting BGPSIM
Properties file: 
Number of nodes: 17
Options: -t 00:15:00


Reservation number 605370: Reserved 17 hosts for 900 seconds 
Run on 17 hosts for 960 seconds from Wed May 22 15:36:25 2013
: node055/0 node056/0 node059/0 node002/0 node003/0 node004/0 node005/0 node006/0 node007/0 node008/0 node013/0 node014/0 node015/0 node016/0 node017/0 node018/0 node019/0 
Running sanity checks
working dir: /home/jlf200/env
inst count: 1
<dasNodes><coordinator><host>node055</host><port>29999</port></coordinator>
		<registries>
<registry><host>node056</host><port>29999</port></registry>
<registry><host>node059</host><port>29999</port></registry>
<registry><host>node002</host><port>29999</port></registry>
<registry><host>node003</host><port>29999</port></registry>
<registry><host>node004</host><port>29999</port></registry>
<registry><host>node005</host><port>29999</port></registry>
<registry><host>node006</host><port>29999</port></registry>
<registry><host>node007</host><port>29999</port></registry>
<registry><host>node008</host><port>29999</port></registry>
<registry><host>node013</host><port>29999</port></registry>
<registry><host>node014</host><port>29999</port></registry>
<registry><host>node015</host><port>29999</port></registry>
<registry><host>node016</host><port>29999</port></registry>
<registry><host>node017</host><port>29999</port></registry>
<registry><host>node018</host><port>29999</port></registry>
<registry><host>node019</host><port>29999</port></registry>
</registries></dasNodes>
coordinator on node055
slave on node056
slave on node059
slave on node002
slave on node003
slave on node004
slave on node005
slave on node006
slave on node007
slave on node008
slave on node013
slave on node014
slave on node015
slave on node016
slave on node017
slave on node018
slave on node019
coordinator 22/05 15:36:27.511  INFO coordinator.RunMonitor (start line 19): START, props=<properties>
  <mraiProc>70</mraiProc>
  <mraiEmpty>0</mraiEmpty>
  <flapPercentage>70</flapPercentage>
  <iBgpMaxValue>120000</iBgpMaxValue>
  <iBgpMaxNeighbors>750</iBgpMaxNeighbors>
  <iBGPLog>true</iBGPLog>
  <flapDistribution>70</flapDistribution>
  <policyMulti>10</policyMulti>
  <policyMultiPref>0</policyMultiPref>
  <hostCount>16</hostCount>
  <sleepingTime>40</sleepingTime>
  <workingDir>/home/jlf200/large_48/</workingDir>
  <prefixStartingPoint>0</prefixStartingPoint>
  <useInputHandlerThread>false</useInputHandlerThread>
  <prefixCount>100000</prefixCount>
  <prefixArraySize>100000</prefixArraySize>
  <storageDir>/var/scratch/jlf200/storage/</storageDir>
  <prefixCacheSize>7000</prefixCacheSize>
  <diskCacheDir>/var/scratch/jlf200/data/</diskCacheDir>
  <nodesFileName>nodes_caida_16.xml</nodesFileName>
  <prefixesFile>prefixes.xml</prefixesFile>
  <useEventsFile>true</useEventsFile>
  <eventsFileName>/home/jlf200/env/events_test.xml</eventsFileName>
  <prefixAggregationSize>0</prefixAggregationSize>
  <diagnosticThreadSleep>2500</diagnosticThreadSleep>
  <createdLoggingInterval>10</createdLoggingInterval>
  <bogusPrefixMin>0</bogusPrefixMin>
  <timeScaler>30</timeScaler>
  <resultDirectory>/var/scratch/jlf200/results</resultDirectory>
  <introducedLoggingInterval>10</introducedLoggingInterval>
  <neighborsContainerCaching>false</neighborsContainerCaching>
  <useNeighborsMap>false</useNeighborsMap>
  <noiseSleepTime>61000</noiseSleepTime>
</properties>
coordinator 22/05 15:36:27.552  INFO coordinator.CoordinatorMain (init line 91): socket created set
coordinator 22/05 15:36:30.424  INFO coordinator.Coordinator (controlTheGame line 68): sending acks
coordinator 22/05 15:36:32.035  INFO coordinator.Coordinator (controlTheGame line 88): all set
eventProcessor 22/05 15:36:32.038  INFO framework.EventProcessor (run line 43): waitingTime: 426
eventProcessor 22/05 15:36:32.465  INFO framework.EventProcessor (run line 57): @30;#0;LOG;E-0.
command_recv_5 22/05 15:36:32.684  INFO coordinator.AbstractChannelAttachment (read line 163): timeX=217
command_recv_13 22/05 15:36:32.699  INFO coordinator.AbstractChannelAttachment (read line 163): timeX=217
eventProcessor 22/05 15:36:35.113  INFO framework.EventProcessor (run line 43): waitingTime: 684
eventProcessor 22/05 15:36:35.798  INFO framework.EventProcessor (run line 57): @100020;#1;DISCONNECT;E-100000; AS1200|3421|13 with neighbors[AS3303|1149|13].
eventProcessor 22/05 15:36:35.799  INFO framework.EventProcessor (run line 43): waitingTime: 3331
eventProcessor 22/05 15:36:39.130  INFO framework.EventProcessor (run line 57): @199980;#2;LOG;E-200000.
eventProcessor 22/05 15:36:40.501  INFO framework.EventProcessor (run line 43): waitingTime: 5296
eventProcessor 22/05 15:36:45.798  INFO framework.EventProcessor (run line 57): @400020;#3;ANN;E-400000;as=AS24600|1200|0; prefs=msg_2000, ; with=NULL
eventProcessor 22/05 15:36:45.801  INFO framework.EventProcessor (run line 43): waitingTime: 6663
eventProcessor 22/05 15:36:52.465  INFO framework.EventProcessor (run line 57): @600000;#4;CONNECT;E-600000; AS1200|3421|13 with neighbors[AS3303|1149|13].
eventProcessor 22/05 15:36:52.466  INFO framework.EventProcessor (run line 43): waitingTime: 6664
AS3303|1149|13 22/05 15:36:52.467  INFO command.ConnectCommand (run line 55): received connect command with as: AS3303|1149|13 ases: [AS1200|3421|13]
AS1200|3421|13 22/05 15:36:52.467  INFO command.ConnectCommand (run line 55): received connect command with as: AS1200|3421|13 ases: [AS3303|1149|13]
eventProcessor 22/05 15:36:59.130  INFO framework.EventProcessor (run line 57): @799980;#5;LOG;E-800000.
coordinator 22/05 15:37:00.808  INFO coordinator.Coordinator (controlTheGame line 95): job's done
coordinator 22/05 15:37:01.811  INFO coordinator.RunMonitor (finish line 36): DONE(time=34298)
coordinator 22/05 15:37:01.811  INFO coordinator.Coordinator (controlTheGame line 101): coordinator finished
