Starting BGPSIM
Properties file: 
Number of nodes: 17
Options: -t 00:15:00


Reservation number 605345: Reserved 17 hosts for 900 seconds 
Run on 17 hosts for 960 seconds from Wed May 22 14:38:05 2013
: node014/0 node015/0 node016/0 node017/0 node018/0 node019/0 node020/0 node021/0 node022/0 node034/0 node035/0 node036/0 node037/0 node039/0 node040/0 node042/0 node050/0 
Running sanity checks
working dir: /home/jlf200/env
inst count: 1
<dasNodes><coordinator><host>node014</host><port>29999</port></coordinator>
		<registries>
<registry><host>node015</host><port>29999</port></registry>
<registry><host>node016</host><port>29999</port></registry>
<registry><host>node017</host><port>29999</port></registry>
<registry><host>node018</host><port>29999</port></registry>
<registry><host>node019</host><port>29999</port></registry>
<registry><host>node020</host><port>29999</port></registry>
<registry><host>node021</host><port>29999</port></registry>
<registry><host>node022</host><port>29999</port></registry>
<registry><host>node034</host><port>29999</port></registry>
<registry><host>node035</host><port>29999</port></registry>
<registry><host>node036</host><port>29999</port></registry>
<registry><host>node037</host><port>29999</port></registry>
<registry><host>node039</host><port>29999</port></registry>
<registry><host>node040</host><port>29999</port></registry>
<registry><host>node042</host><port>29999</port></registry>
<registry><host>node050</host><port>29999</port></registry>
</registries></dasNodes>
coordinator on node014
slave on node015
slave on node016
slave on node017
slave on node018
slave on node019
slave on node020
slave on node021
slave on node022
slave on node034
slave on node035
slave on node036
slave on node037
slave on node039
slave on node040
slave on node042
slave on node050
coordinator 22/05 14:38:07.184  INFO coordinator.RunMonitor (start line 19): START, props=<properties>
  <mraiProc>70</mraiProc>
  <mraiEmpty>0</mraiEmpty>
  <flapPercentage>70</flapPercentage>
  <iBgpMaxValue>120000</iBgpMaxValue>
  <iBgpMaxNeighbors>750</iBgpMaxNeighbors>
  <iBGPLog>true</iBGPLog>
  <flapDistribution>70</flapDistribution>
  <policyMulti>10</policyMulti>
  <policyMultiPref>0</policyMultiPref>
  <hostCount>16</hostCount>
  <sleepingTime>40</sleepingTime>
  <workingDir>/home/jlf200/large_48/</workingDir>
  <prefixStartingPoint>0</prefixStartingPoint>
  <useInputHandlerThread>false</useInputHandlerThread>
  <prefixCount>100000</prefixCount>
  <prefixArraySize>100000</prefixArraySize>
  <storageDir>/var/scratch/jlf200/storage/</storageDir>
  <prefixCacheSize>7000</prefixCacheSize>
  <diskCacheDir>/var/scratch/jlf200/data/</diskCacheDir>
  <nodesFileName>nodes_caida_16.xml</nodesFileName>
  <prefixesFile>prefixes.xml</prefixesFile>
  <useEventsFile>true</useEventsFile>
  <eventsFileName>/home/jlf200/env/events_test.xml</eventsFileName>
  <prefixAggregationSize>0</prefixAggregationSize>
  <diagnosticThreadSleep>2500</diagnosticThreadSleep>
  <createdLoggingInterval>10</createdLoggingInterval>
  <bogusPrefixMin>0</bogusPrefixMin>
  <timeScaler>30</timeScaler>
  <resultDirectory>/var/scratch/jlf200/results</resultDirectory>
  <introducedLoggingInterval>10</introducedLoggingInterval>
  <neighborsContainerCaching>false</neighborsContainerCaching>
  <useNeighborsMap>false</useNeighborsMap>
  <noiseSleepTime>61000</noiseSleepTime>
</properties>
coordinator 22/05 14:38:07.224  INFO coordinator.CoordinatorMain (init line 91): socket created set
coordinator 22/05 14:38:10.025  INFO coordinator.Coordinator (controlTheGame line 68): sending acks
coordinator 22/05 14:38:11.541  INFO coordinator.Coordinator (controlTheGame line 88): all set
eventProcessor 22/05 14:38:11.543  INFO framework.EventProcessor (run line 43): waitingTime: 424
eventProcessor 22/05 14:38:11.968  INFO framework.EventProcessor (run line 57): @30;#0;LOG;E-0.
command_recv_6 22/05 14:38:12.210  INFO coordinator.AbstractChannelAttachment (read line 163): timeX=234
command_recv_11 22/05 14:38:12.219  INFO coordinator.AbstractChannelAttachment (read line 163): timeX=203
eventProcessor 22/05 14:38:14.509  INFO framework.EventProcessor (run line 43): waitingTime: 791
eventProcessor 22/05 14:38:15.301  INFO framework.EventProcessor (run line 57): @99990;#1;DISCONNECT;E-100000; AS1200|3421|13 with neighbors[AS3303|1149|13].
eventProcessor 22/05 14:38:15.301  INFO framework.EventProcessor (run line 43): waitingTime: 3332
AS1200|3421|13 22/05 14:38:15.303  INFO command.DisconnectCommand (run line 50): received disconnect command with ases: [AS3303|1149|13] 11
AS3303|1149|13 22/05 14:38:15.303  INFO command.DisconnectCommand (run line 50): received disconnect command with ases: [AS1200|3421|13] 429
AS3303|1149|13 22/05 14:38:15.311  INFO command.DisconnectCommand (run line 62): total neighbors after: 428
AS1200|3421|13 22/05 14:38:15.308  INFO command.DisconnectCommand (run line 62): total neighbors after: 10
eventProcessor 22/05 14:38:18.634  INFO framework.EventProcessor (run line 57): @200010;#2;LOG;E-200000.
eventProcessor 22/05 14:38:19.883  INFO framework.EventProcessor (run line 43): waitingTime: 5417
eventProcessor 22/05 14:38:25.300  INFO framework.EventProcessor (run line 57): @399990;#3;ANN;E-400000;as=AS24600|1200|0; prefs=msg_2000, ; with=NULL
eventProcessor 22/05 14:38:25.303  INFO framework.EventProcessor (run line 43): waitingTime: 6664
eventProcessor 22/05 14:38:31.967  INFO framework.EventProcessor (run line 57): @600000;#4;CONNECT;E-600000; AS1200|3421|13 with neighbors[AS3303|1149|13].
eventProcessor 22/05 14:38:31.968  INFO framework.EventProcessor (run line 43): waitingTime: 6665
eventProcessor 22/05 14:38:38.634  INFO framework.EventProcessor (run line 57): @800010;#5;LOG;E-800000.
AS19447|2506|10 22/05 14:38:39.911  INFO route.PrefixStoreMapImpl (prefixReceived line 399): 441, 0, count=1, longest=441
