Starting BGPSIM
Properties file: 
Number of nodes: 17
Options: -t 00:15:00


Reservation number 605340: Reserved 17 hosts for 900 seconds 
Run on 17 hosts for 960 seconds from Wed May 22 14:34:17 2013
: node042/0 node050/0 node051/0 node052/0 node053/0 node054/0 node055/0 node056/0 node059/0 node002/0 node003/0 node004/0 node005/0 node006/0 node007/0 node008/0 node013/0 
Running sanity checks
working dir: /home/jlf200/env
inst count: 1
<dasNodes><coordinator><host>node042</host><port>29999</port></coordinator>
		<registries>
<registry><host>node050</host><port>29999</port></registry>
<registry><host>node051</host><port>29999</port></registry>
<registry><host>node052</host><port>29999</port></registry>
<registry><host>node053</host><port>29999</port></registry>
<registry><host>node054</host><port>29999</port></registry>
<registry><host>node055</host><port>29999</port></registry>
<registry><host>node056</host><port>29999</port></registry>
<registry><host>node059</host><port>29999</port></registry>
<registry><host>node002</host><port>29999</port></registry>
<registry><host>node003</host><port>29999</port></registry>
<registry><host>node004</host><port>29999</port></registry>
<registry><host>node005</host><port>29999</port></registry>
<registry><host>node006</host><port>29999</port></registry>
<registry><host>node007</host><port>29999</port></registry>
<registry><host>node008</host><port>29999</port></registry>
<registry><host>node013</host><port>29999</port></registry>
</registries></dasNodes>
coordinator on node042
slave on node050
slave on node051
slave on node052
slave on node053
slave on node054
slave on node055
slave on node056
slave on node059
slave on node002
slave on node003
slave on node004
slave on node005
slave on node006
slave on node007
slave on node008
slave on node013
coordinator 22/05 14:34:18.749  INFO coordinator.RunMonitor (start line 19): START, props=<properties>
  <mraiProc>70</mraiProc>
  <mraiEmpty>0</mraiEmpty>
  <flapPercentage>70</flapPercentage>
  <iBgpMaxValue>120000</iBgpMaxValue>
  <iBgpMaxNeighbors>750</iBgpMaxNeighbors>
  <iBGPLog>true</iBGPLog>
  <flapDistribution>70</flapDistribution>
  <policyMulti>10</policyMulti>
  <policyMultiPref>0</policyMultiPref>
  <hostCount>16</hostCount>
  <sleepingTime>40</sleepingTime>
  <workingDir>/home/jlf200/large_48/</workingDir>
  <prefixStartingPoint>0</prefixStartingPoint>
  <useInputHandlerThread>false</useInputHandlerThread>
  <prefixCount>100000</prefixCount>
  <prefixArraySize>100000</prefixArraySize>
  <storageDir>/var/scratch/jlf200/storage/</storageDir>
  <prefixCacheSize>7000</prefixCacheSize>
  <diskCacheDir>/var/scratch/jlf200/data/</diskCacheDir>
  <nodesFileName>nodes_caida_16.xml</nodesFileName>
  <prefixesFile>prefixes.xml</prefixesFile>
  <useEventsFile>true</useEventsFile>
  <eventsFileName>/home/jlf200/env/events_test.xml</eventsFileName>
  <prefixAggregationSize>0</prefixAggregationSize>
  <diagnosticThreadSleep>2500</diagnosticThreadSleep>
  <createdLoggingInterval>10</createdLoggingInterval>
  <bogusPrefixMin>0</bogusPrefixMin>
  <timeScaler>30</timeScaler>
  <resultDirectory>/var/scratch/jlf200/results</resultDirectory>
  <introducedLoggingInterval>10</introducedLoggingInterval>
  <neighborsContainerCaching>false</neighborsContainerCaching>
  <useNeighborsMap>false</useNeighborsMap>
  <noiseSleepTime>61000</noiseSleepTime>
</properties>
coordinator 22/05 14:34:18.789  INFO coordinator.CoordinatorMain (init line 91): socket created set
coordinator 22/05 14:34:21.590  INFO coordinator.Coordinator (controlTheGame line 68): sending acks
coordinator 22/05 14:34:23.108  INFO coordinator.Coordinator (controlTheGame line 88): all set
eventProcessor 22/05 14:34:23.110  INFO framework.EventProcessor (run line 43): waitingTime: 428
eventProcessor 22/05 14:34:23.540  INFO framework.EventProcessor (run line 57): @60;#0;LOG;E-0.
command_recv_8 22/05 14:34:23.844  INFO coordinator.AbstractChannelAttachment (read line 163): timeX=273
eventProcessor 22/05 14:34:26.081  INFO framework.EventProcessor (run line 43): waitingTime: 790
eventProcessor 22/05 14:34:26.871  INFO framework.EventProcessor (run line 57): @99990;#1;DISCONNECT;E-100000; AS1200|3421|13 with neighbors[AS3303|1149|13].
eventProcessor 22/05 14:34:26.873  INFO framework.EventProcessor (run line 43): waitingTime: 3331
AS1200|3421|13 22/05 14:34:26.875  INFO command.DisconnectCommand (run line 50): received disconnect command with ases: [AS3303|1149|13] 11
AS1200|3421|13 22/05 14:34:26.880  INFO command.DisconnectCommand (run line 62): total neighbors after: 10
AS3303|1149|13 22/05 14:34:26.875  INFO command.DisconnectCommand (run line 50): received disconnect command with ases: [AS1200|3421|13] 429
AS3303|1149|13 22/05 14:34:26.883  INFO command.DisconnectCommand (run line 62): total neighbors after: 428
eventProcessor 22/05 14:34:30.204  INFO framework.EventProcessor (run line 57): @199980;#2;LOG;E-200000.
eventProcessor 22/05 14:34:31.548  INFO framework.EventProcessor (run line 43): waitingTime: 5323
eventProcessor 22/05 14:34:36.872  INFO framework.EventProcessor (run line 57): @400020;#3;ANN;E-400000;as=AS24600|1200|0; prefs=msg_2000, ; with=NULL
eventProcessor 22/05 14:34:36.874  INFO framework.EventProcessor (run line 43): waitingTime: 6664
eventProcessor 22/05 14:34:43.539  INFO framework.EventProcessor (run line 57): @600030;#4;CONNECT;E-600000; AS1200|3421|13 with neighbors[AS3303|1149|13].
eventProcessor 22/05 14:34:43.540  INFO framework.EventProcessor (run line 43): waitingTime: 6664
eventProcessor 22/05 14:34:50.204  INFO framework.EventProcessor (run line 57): @799980;#5;LOG;E-800000.
