Starting BGPSIM
Properties file: 
Number of nodes: 17
Options: -t 00:15:00


Reservation number 605378: Reserved 17 hosts for 900 seconds 
Run on 17 hosts for 960 seconds from Wed May 22 15:57:14 2013
: node059/0 node002/0 node003/0 node004/0 node005/0 node006/0 node007/0 node008/0 node013/0 node014/0 node015/0 node016/0 node017/0 node018/0 node019/0 node020/0 node021/0 
Running sanity checks
working dir: /home/jlf200/env
inst count: 1
<dasNodes><coordinator><host>node059</host><port>29999</port></coordinator>
		<registries>
<registry><host>node002</host><port>29999</port></registry>
<registry><host>node003</host><port>29999</port></registry>
<registry><host>node004</host><port>29999</port></registry>
<registry><host>node005</host><port>29999</port></registry>
<registry><host>node006</host><port>29999</port></registry>
<registry><host>node007</host><port>29999</port></registry>
<registry><host>node008</host><port>29999</port></registry>
<registry><host>node013</host><port>29999</port></registry>
<registry><host>node014</host><port>29999</port></registry>
<registry><host>node015</host><port>29999</port></registry>
<registry><host>node016</host><port>29999</port></registry>
<registry><host>node017</host><port>29999</port></registry>
<registry><host>node018</host><port>29999</port></registry>
<registry><host>node019</host><port>29999</port></registry>
<registry><host>node020</host><port>29999</port></registry>
<registry><host>node021</host><port>29999</port></registry>
</registries></dasNodes>
coordinator on node059
slave on node002
slave on node003
slave on node004
slave on node005
slave on node006
slave on node007
slave on node008
slave on node013
slave on node014
slave on node015
slave on node016
slave on node017
slave on node018
slave on node019
slave on node020
slave on node021
coordinator 22/05 15:57:15.540  INFO coordinator.RunMonitor (start line 19): START, props=<properties>
  <mraiProc>70</mraiProc>
  <mraiEmpty>0</mraiEmpty>
  <flapPercentage>70</flapPercentage>
  <iBgpMaxValue>120000</iBgpMaxValue>
  <iBgpMaxNeighbors>750</iBgpMaxNeighbors>
  <iBGPLog>true</iBGPLog>
  <flapDistribution>70</flapDistribution>
  <policyMulti>10</policyMulti>
  <policyMultiPref>0</policyMultiPref>
  <hostCount>16</hostCount>
  <sleepingTime>40</sleepingTime>
  <workingDir>/home/jlf200/large_48/</workingDir>
  <prefixStartingPoint>0</prefixStartingPoint>
  <useInputHandlerThread>false</useInputHandlerThread>
  <prefixCount>100000</prefixCount>
  <prefixArraySize>100000</prefixArraySize>
  <storageDir>/var/scratch/jlf200/storage/</storageDir>
  <prefixCacheSize>7000</prefixCacheSize>
  <diskCacheDir>/var/scratch/jlf200/data/</diskCacheDir>
  <nodesFileName>nodes_caida_16.xml</nodesFileName>
  <prefixesFile>prefixes.xml</prefixesFile>
  <useEventsFile>true</useEventsFile>
  <eventsFileName>/home/jlf200/env/events_test.xml</eventsFileName>
  <prefixAggregationSize>0</prefixAggregationSize>
  <diagnosticThreadSleep>2500</diagnosticThreadSleep>
  <createdLoggingInterval>10</createdLoggingInterval>
  <bogusPrefixMin>0</bogusPrefixMin>
  <timeScaler>30</timeScaler>
  <resultDirectory>/var/scratch/jlf200/results</resultDirectory>
  <introducedLoggingInterval>10</introducedLoggingInterval>
  <neighborsContainerCaching>false</neighborsContainerCaching>
  <useNeighborsMap>false</useNeighborsMap>
  <noiseSleepTime>61000</noiseSleepTime>
</properties>
coordinator 22/05 15:57:15.581  INFO coordinator.CoordinatorMain (init line 91): socket created set
coordinator 22/05 15:57:18.440  INFO coordinator.Coordinator (controlTheGame line 68): sending acks
coordinator 22/05 15:57:19.842  INFO coordinator.Coordinator (controlTheGame line 88): all set
eventProcessor 22/05 15:57:19.844  INFO framework.EventProcessor (run line 43): waitingTime: 403
eventProcessor 22/05 15:57:20.249  INFO framework.EventProcessor (run line 57): @60;#0;LOG;E-0.
command_recv_4 22/05 15:57:20.711  INFO coordinator.AbstractChannelAttachment (read line 163): timeX=222
eventProcessor 22/05 15:57:22.816  INFO framework.EventProcessor (run line 43): waitingTime: 764
eventProcessor 22/05 15:57:23.580  INFO framework.EventProcessor (run line 57): @99990;#1;DISCONNECT;E-100000; AS1200|3421|13 with neighbors[AS3303|1149|13].
eventProcessor 22/05 15:57:23.581  INFO framework.EventProcessor (run line 43): waitingTime: 3332
eventProcessor 22/05 15:57:26.914  INFO framework.EventProcessor (run line 57): @200010;#2;LOG;E-200000.
eventProcessor 22/05 15:57:28.148  INFO framework.EventProcessor (run line 43): waitingTime: 5432
eventProcessor 22/05 15:57:33.581  INFO framework.EventProcessor (run line 57): @400020;#3;ANN;E-400000;as=AS24600|1200|0; prefs=msg_2000, ; with=NULL
eventProcessor 22/05 15:57:33.584  INFO framework.EventProcessor (run line 43): waitingTime: 6663
eventProcessor 22/05 15:57:40.247  INFO framework.EventProcessor (run line 57): @600000;#4;CONNECT;E-600000; AS1200|3421|13 with neighbors[AS3303|1149|13].
eventProcessor 22/05 15:57:40.248  INFO command.ConnectCommand (writeInternalData line 114): AS3303|1149|13 pr: CUSTOMER
eventProcessor 22/05 15:57:40.249  INFO command.ConnectCommand (writeInternalData line 114): AS1200|3421|13 pr: null
eventProcessor 22/05 15:57:40.249  INFO framework.EventProcessor (run line 43): waitingTime: 6664
AS1200|3421|13 22/05 15:57:40.251  INFO command.ConnectCommand (run line 55): received connect command with as: AS1200|3421|13 ases: [AS3303|1149|13]
AS3303|1149|13 22/05 15:57:40.251  INFO command.ConnectCommand (run line 55): received connect command with as: AS3303|1149|13 ases: [AS1200|3421|13]
eventProcessor 22/05 15:57:46.914  INFO framework.EventProcessor (run line 57): @799980;#5;LOG;E-800000.
AS3316|15352|8 22/05 15:57:48.201  INFO route.PrefixStoreMapImpl (prefixReceived line 399): 0, 739, count=1, longest=0
coordinator 22/05 15:57:48.735  INFO coordinator.Coordinator (controlTheGame line 95): job's done
coordinator 22/05 15:57:49.737  INFO coordinator.RunMonitor (finish line 36): DONE(time=34195)
coordinator 22/05 15:57:49.737  INFO coordinator.Coordinator (controlTheGame line 101): coordinator finished
